#
# There is insufficient memory for the Java Runtime Environment to continue.
# Native memory allocation (malloc) failed to allocate 4088 bytes for AllocateHeap
# Possible reasons:
#   The system is out of physical RAM or swap space
#   In 32 bit mode, the process size limit was hit
# Possible solutions:
#   Reduce memory load on the system
#   Increase physical memory or swap space
#   Check if swap backing store is full
#   Use 64 bit Java on a 64 bit OS
#   Decrease Java heap size (-Xmx/-Xms)
#   Decrease number of Java threads
#   Decrease Java thread stack sizes (-Xss)
#   Set larger code cache with -XX:ReservedCodeCacheSize=
# This output file may be truncated or incomplete.
#
#  Out of Memory Error (memory/allocation.inline.hpp:61), pid=6028, tid=11828
#
# JRE version: Java(TM) SE Runtime Environment (7.0_51-b13) (build 1.7.0_51-b13)
# Java VM: Java HotSpot(TM) 64-Bit Server VM (24.51-b03 mixed mode windows-amd64 compressed oops)
# Failed to write core dump. Minidumps are not enabled by default on client versions of Windows
#

---------------  T H R E A D  ---------------

Current thread (0x000000000208e000):  GCTaskThread [stack: 0x0000000007e20000,0x0000000007f20000] [id=11828]

Stack: [0x0000000007e20000,0x0000000007f20000]

---------------  P R O C E S S  ---------------

Java Threads: ( => current thread )
  0x0000000021aef000 JavaThread "Service Thread" daemon [_thread_blocked, id=9076, stack(0x00000000247e0000,0x00000000248e0000)]
  0x0000000021aec000 JavaThread "C2 CompilerThread1" daemon [_thread_blocked, id=13056, stack(0x0000000024540000,0x0000000024640000)]
  0x0000000021ae2000 JavaThread "C2 CompilerThread0" daemon [_thread_blocked, id=9188, stack(0x0000000024410000,0x0000000024510000)]
  0x0000000021ae0000 JavaThread "Attach Listener" daemon [_thread_blocked, id=7252, stack(0x0000000024220000,0x0000000024320000)]
  0x0000000021adf800 JavaThread "Signal Dispatcher" daemon [_thread_blocked, id=6968, stack(0x0000000024060000,0x0000000024160000)]
  0x000000000210c800 JavaThread "Finalizer" daemon [_thread_blocked, id=8868, stack(0x0000000023e30000,0x0000000023f30000)]
  0x0000000021acf800 JavaThread "Reference Handler" daemon [_thread_blocked, id=4948, stack(0x0000000023bb0000,0x0000000023cb0000)]
  0x0000000001c7d800 JavaThread "main" [_thread_blocked, id=7904, stack(0x0000000002390000,0x0000000002490000)]

Other Threads:
  0x0000000021acc000 VMThread [stack: 0x0000000023d30000,0x0000000023e30000] [id=12528]
  0x0000000021aef800 WatcherThread [stack: 0x0000000023f50000,0x0000000024050000] [id=7220]

=>0x000000000208e000 (exited) GCTaskThread [stack: 0x0000000007e20000,0x0000000007f20000] [id=11828]

VM state:at safepoint (normal execution)

VM Mutex/Monitor currently owned by a thread:  ([mutex/lock_event])
[0x0000000001c7bef0] Threads_lock - owner thread: 0x0000000021acc000
[0x0000000001c7c3f0] Heap_lock - owner thread: 0x0000000001c7d800

Heap
 PSYoungGen      total 2367488K, used 1495904K [0x0000000705000000, 0x00000007edc00000, 0x0000000800000000)
  eden space 996864K, 100% used [0x0000000705000000,0x0000000741d80000,0x0000000741d80000)
  from space 1370624K, 36% used [0x0000000741d80000,0x00000007604d8000,0x0000000795800000)
  to   space 1370624K, 6% used [0x000000079a180000,0x000000079f700090,0x00000007edc00000)
 ParOldGen       total 2849792K, used 2005487K [0x000000050f000000, 0x00000005bcf00000, 0x0000000705000000)
  object space 2849792K, 70% used [0x000000050f000000,0x000000058967be38,0x00000005bcf00000)
 PSPermGen       total 21504K, used 2634K [0x0000000509e00000, 0x000000050b300000, 0x000000050f000000)
  object space 21504K, 12% used [0x0000000509e00000,0x000000050a092a58,0x000000050b300000)

Card table byte_map: [0x0000000005490000,0x0000000006c50000] byte_map_base: 0x0000000002c41000

Polling page: 0x0000000001c60000

Code Cache  [0x0000000002490000, 0x0000000002700000, 0x0000000005490000)
 total_blobs=213 nmethods=29 adapters=137 free_code_cache=48710Kb largest_free_block=49846656

Compilation events (10 events):
Event: 12.993 Thread 0x0000000021aec000 nmethod 25 0x00000000024f78d0 code [0x00000000024f7a20, 0x00000000024f7b98]
Event: 12.993 Thread 0x0000000021aec000   26             java.util.BitSet::get (69 bytes)
Event: 12.994 Thread 0x0000000021aec000 nmethod 26 0x00000000024f7610 code [0x00000000024f7740, 0x00000000024f7818]
Event: 12.994 Thread 0x0000000021aec000   27             Solver::weightSoFar (47 bytes)
Event: 12.997 Thread 0x0000000021aec000 nmethod 27 0x00000000024f7050 code [0x00000000024f71a0, 0x00000000024f7458]
Event: 13.011 Thread 0x0000000021ae2000 nmethod 18% 0x0000000002502710 code [0x00000000025029e0, 0x0000000002504980]
Event: 13.012 Thread 0x0000000021aec000   28 %           Solver::dynamicProgramming2 @ 78 (287 bytes)
Event: 13.021 Thread 0x0000000021aec000 nmethod 28% 0x00000000024f8f90 code [0x00000000024f9140, 0x00000000024f9c38]
Event: 13.022 Thread 0x0000000021ae2000   29             java.util.BitSet::recalculateWordsInUse (39 bytes)
Event: 13.023 Thread 0x0000000021ae2000 nmethod 29 0x00000000024f8d10 code [0x00000000024f8e40, 0x00000000024f8ef8]

GC Heap History (10 events):
Event: 165.242 GC heap after
Heap after GC invocations=81 (full 10):
 PSYoungGen      total 2270720K, used 722016K [0x0000000705000000, 0x00000007e2300000, 0x0000000800000000)
  eden space 911872K, 0% used [0x0000000705000000,0x0000000705000000,0x000000073ca80000)
  from space 1358848K, 53% used [0x000000073ca80000,0x0000000768b98090,0x000000078f980000)
  to   space 1323520K, 0% used [0x0000000791680000,0x0000000791680000,0x00000007e2300000)
 ParOldGen       total 2849792K, used 1248527K [0x000000050f000000, 0x00000005bcf00000, 0x0000000705000000)
  object space 2849792K, 43% used [0x000000050f000000,0x000000055b343da8,0x00000005bcf00000)
 PSPermGen       total 21504K, used 2634K [0x0000000509e00000, 0x000000050b300000, 0x000000050f000000)
  object space 21504K, 12% used [0x0000000509e00000,0x000000050a092a58,0x000000050b300000)
}
Event: 167.680 GC heap before
{Heap before GC invocations=82 (full 10):
 PSYoungGen      total 2270720K, used 1633888K [0x0000000705000000, 0x00000007e2300000, 0x0000000800000000)
  eden space 911872K, 100% used [0x0000000705000000,0x000000073ca80000,0x000000073ca80000)
  from space 1358848K, 53% used [0x000000073ca80000,0x0000000768b98090,0x000000078f980000)
  to   space 1323520K, 0% used [0x0000000791680000,0x0000000791680000,0x00000007e2300000)
 ParOldGen       total 2849792K, used 1248527K [0x000000050f000000, 0x00000005bcf00000, 0x0000000705000000)
  object space 2849792K, 43% used [0x000000050f000000,0x000000055b343da8,0x00000005bcf00000)
 PSPermGen       total 21504K, used 2634K [0x0000000509e00000, 0x000000050b300000, 0x000000050f000000)
  object space 21504K, 12% used [0x0000000509e00000,0x000000050a092a58,0x000000050b300000)
Event: 168.960 GC heap after
Heap after GC invocations=82 (full 10):
 PSYoungGen      total 2253312K, used 1178304K [0x0000000705000000, 0x00000007e8400000, 0x0000000800000000)
  eden space 929792K, 0% used [0x0000000705000000,0x0000000705000000,0x000000073dc00000)
  from space 1323520K, 89% used [0x0000000791680000,0x00000007d9530090,0x00000007e2300000)
  to   space 1370624K, 0% used [0x000000073dc00000,0x000000073dc00000,0x0000000791680000)
 ParOldGen       total 2849792K, used 1248527K [0x000000050f000000, 0x00000005bcf00000, 0x0000000705000000)
  object space 2849792K, 43% used [0x000000050f000000,0x000000055b343da8,0x00000005bcf00000)
 PSPermGen       total 21504K, used 2634K [0x0000000509e00000, 0x000000050b300000, 0x000000050f000000)
  object space 21504K, 12% used [0x0000000509e00000,0x000000050a092a58,0x000000050b300000)
}
Event: 171.334 GC heap before
{Heap before GC invocations=83 (full 10):
 PSYoungGen      total 2253312K, used 2108096K [0x0000000705000000, 0x00000007e8400000, 0x0000000800000000)
  eden space 929792K, 100% used [0x0000000705000000,0x000000073dc00000,0x000000073dc00000)
  from space 1323520K, 89% used [0x0000000791680000,0x00000007d9530090,0x00000007e2300000)
  to   space 1370624K, 0% used [0x000000073dc00000,0x000000073dc00000,0x0000000791680000)
 ParOldGen       total 2849792K, used 1248527K [0x000000050f000000, 0x00000005bcf00000, 0x0000000705000000)
  object space 2849792K, 43% used [0x000000050f000000,0x000000055b343da8,0x00000005bcf00000)
 PSPermGen       total 21504K, used 2634K [0x0000000509e00000, 0x000000050b300000, 0x000000050f000000)
  object space 21504K, 12% used [0x0000000509e00000,0x000000050a092a58,0x000000050b300000)
Event: 172.101 GC heap after
Heap after GC invocations=83 (full 10):
 PSYoungGen      total 2300416K, used 940896K [0x0000000705000000, 0x00000007e9600000, 0x0000000800000000)
  eden space 929792K, 0% used [0x0000000705000000,0x0000000705000000,0x000000073dc00000)
  from space 1370624K, 68% used [0x000000073dc00000,0x00000007772d8090,0x0000000791680000)
  to   space 1370624K, 0% used [0x0000000795b80000,0x0000000795b80000,0x00000007e9600000)
 ParOldGen       total 2849792K, used 1265743K [0x000000050f000000, 0x00000005bcf00000, 0x0000000705000000)
  object space 2849792K, 44% used [0x000000050f000000,0x000000055c413da8,0x00000005bcf00000)
 PSPermGen       total 21504K, used 2634K [0x0000000509e00000, 0x000000050b300000, 0x000000050f000000)
  object space 21504K, 12% used [0x0000000509e00000,0x000000050a092a58,0x000000050b300000)
}
Event: 174.452 GC heap before
{Heap before GC invocations=84 (full 10):
 PSYoungGen      total 2300416K, used 1870688K [0x0000000705000000, 0x00000007e9600000, 0x0000000800000000)
  eden space 929792K, 100% used [0x0000000705000000,0x000000073dc00000,0x000000073dc00000)
  from space 1370624K, 68% used [0x000000073dc00000,0x00000007772d8090,0x0000000791680000)
  to   space 1370624K, 0% used [0x0000000795b80000,0x0000000795b80000,0x00000007e9600000)
 ParOldGen       total 2849792K, used 1265743K [0x000000050f000000, 0x00000005bcf00000, 0x0000000705000000)
  object space 2849792K, 44% used [0x000000050f000000,0x000000055c413da8,0x00000005bcf00000)
 PSPermGen       total 21504K, used 2634K [0x0000000509e00000, 0x000000050b300000, 0x000000050f000000)
  object space 21504K, 12% used [0x0000000509e00000,0x000000050a092a58,0x000000050b300000)
Event: 174.948 GC heap after
Heap after GC invocations=84 (full 10):
 PSYoungGen      total 2363904K, used 484512K [0x0000000705000000, 0x00000007e9280000, 0x0000000800000000)
  eden space 996864K, 0% used [0x0000000705000000,0x0000000705000000,0x0000000741d80000)
  from space 1367040K, 35% used [0x0000000795b80000,0x00000007b34a8090,0x00000007e9280000)
  to   space 1370624K, 0% used [0x0000000741d80000,0x0000000741d80000,0x0000000795800000)
 ParOldGen       total 2849792K, used 1519751K [0x000000050f000000, 0x00000005bcf00000, 0x0000000705000000)
  object space 2849792K, 53% used [0x000000050f000000,0x000000056bc21da8,0x00000005bcf00000)
 PSPermGen       total 21504K, used 2634K [0x0000000509e00000, 0x000000050b300000, 0x000000050f000000)
  object space 21504K, 12% used [0x0000000509e00000,0x000000050a092a58,0x000000050b300000)
}
Event: 177.562 GC heap before
{Heap before GC invocations=85 (full 10):
 PSYoungGen      total 2363904K, used 1481376K [0x0000000705000000, 0x00000007e9280000, 0x0000000800000000)
  eden space 996864K, 100% used [0x0000000705000000,0x0000000741d80000,0x0000000741d80000)
  from space 1367040K, 35% used [0x0000000795b80000,0x00000007b34a8090,0x00000007e9280000)
  to   space 1370624K, 0% used [0x0000000741d80000,0x0000000741d80000,0x0000000795800000)
 ParOldGen       total 2849792K, used 1519751K [0x000000050f000000, 0x00000005bcf00000, 0x0000000705000000)
  object space 2849792K, 53% used [0x000000050f000000,0x000000056bc21da8,0x00000005bcf00000)
 PSPermGen       total 21504K, used 2634K [0x0000000509e00000, 0x000000050b300000, 0x000000050f000000)
  object space 21504K, 12% used [0x0000000509e00000,0x000000050a092a58,0x000000050b300000)
Event: 178.715 GC heap after
Heap after GC invocations=85 (full 10):
 PSYoungGen      total 2367488K, used 499040K [0x0000000705000000, 0x00000007edc00000, 0x0000000800000000)
  eden space 996864K, 0% used [0x0000000705000000,0x0000000705000000,0x0000000741d80000)
  from space 1370624K, 36% used [0x0000000741d80000,0x00000007604d8000,0x0000000795800000)
  to   space 1370624K, 0% used [0x000000079a180000,0x000000079a180000,0x00000007edc00000)
 ParOldGen       total 2849792K, used 2005479K [0x000000050f000000, 0x00000005bcf00000, 0x0000000705000000)
  object space 2849792K, 70% used [0x000000050f000000,0x0000000589679e38,0x00000005bcf00000)
 PSPermGen       total 21504K, used 2634K [0x0000000509e00000, 0x000000050b300000, 0x000000050f000000)
  object space 21504K, 12% used [0x0000000509e00000,0x000000050a092a58,0x000000050b300000)
}
Event: 181.260 GC heap before
{Heap before GC invocations=86 (full 10):
 PSYoungGen      total 2367488K, used 1495904K [0x0000000705000000, 0x00000007edc00000, 0x0000000800000000)
  eden space 996864K, 100% used [0x0000000705000000,0x0000000741d80000,0x0000000741d80000)
  from space 1370624K, 36% used [0x0000000741d80000,0x00000007604d8000,0x0000000795800000)
  to   space 1370624K, 0% used [0x000000079a180000,0x000000079a180000,0x00000007edc00000)
 ParOldGen       total 2849792K, used 2005479K [0x000000050f000000, 0x00000005bcf00000, 0x0000000705000000)
  object space 2849792K, 70% used [0x000000050f000000,0x0000000589679e38,0x00000005bcf00000)
 PSPermGen       total 21504K, used 2634K [0x0000000509e00000, 0x000000050b300000, 0x000000050f000000)
  object space 21504K, 12% used [0x0000000509e00000,0x000000050a092a58,0x000000050b300000)

Deoptimization events (6 events):
Event: 3.182 Thread 0x0000000001c7d800 Uncommon trap: reason=unreached action=reinterpret pc=0x00000000024eff0c method=Solver.dynamicProgramming2()V @ 227
Event: 3.182 Thread 0x0000000001c7d800 Uncommon trap: reason=unloaded action=reinterpret pc=0x00000000024f05e0 method=NewDPCell.<init>(ILNewDPCell;ZI)V @ 24
Event: 12.975 Thread 0x0000000001c7d800 Uncommon trap: reason=unreached action=reinterpret pc=0x00000000024fbcac method=NewDPCell.<init>(ILNewDPCell;ZI)V @ 20
Event: 12.975 Thread 0x0000000001c7d800 Uncommon trap: reason=unreached action=reinterpret pc=0x00000000024f4e18 method=NewDPCell.<init>(ILNewDPCell;ZI)V @ 20
Event: 12.989 Thread 0x0000000001c7d800 Uncommon trap: reason=unreached action=reinterpret pc=0x00000000024f7df4 method=Solver.weightSoFar(LNewDPCell;)I @ 6
Event: 13.012 Thread 0x0000000001c7d800 Uncommon trap: reason=unreached action=reinterpret pc=0x00000000025040f8 method=Solver.weightSoFar(LNewDPCell;)I @ 6

Internal exceptions (3 events):
Event: 0.021 Thread 0x0000000001c7d800 Threw 0x000000070500b658 at C:\re\jdk7u51\527\hotspot\src\share\vm\prims\jni.cpp:3991
Event: 0.048 Thread 0x0000000001c7d800 Threw 0x0000000705051a48 at C:\re\jdk7u51\527\hotspot\src\share\vm\prims\jvm.cpp:1244
Event: 0.064 Thread 0x0000000001c7d800 Threw 0x00000007050c4940 at C:\re\jdk7u51\527\hotspot\src\share\vm\prims\jvm.cpp:1244

Events (10 events):
Event: 165.242 Executing VM operation: ParallelGCFailedAllocation done
Event: 167.680 Executing VM operation: ParallelGCFailedAllocation
Event: 168.960 Executing VM operation: ParallelGCFailedAllocation done
Event: 171.334 Executing VM operation: ParallelGCFailedAllocation
Event: 172.101 Executing VM operation: ParallelGCFailedAllocation done
Event: 174.452 Executing VM operation: ParallelGCFailedAllocation
Event: 174.948 Executing VM operation: ParallelGCFailedAllocation done
Event: 177.562 Executing VM operation: ParallelGCFailedAllocation
Event: 178.715 Executing VM operation: ParallelGCFailedAllocation done
Event: 181.260 Executing VM operation: ParallelGCFailedAllocation


Dynamic libraries:
0x000000013f070000 - 0x000000013f0a3000 	C:\Windows\system32\java.exe
0x0000000076e20000 - 0x0000000076fc9000 	C:\Windows\SYSTEM32\ntdll.dll
0x0000000076d00000 - 0x0000000076e1f000 	C:\Windows\system32\kernel32.dll
0x000007fefc170000 - 0x000007fefc1db000 	C:\Windows\system32\KERNELBASE.dll
0x000007fefdac0000 - 0x000007fefdb9b000 	C:\Windows\system32\ADVAPI32.dll
0x000007fefdc20000 - 0x000007fefdcbf000 	C:\Windows\system32\msvcrt.dll
0x000007fefc450000 - 0x000007fefc46f000 	C:\Windows\SYSTEM32\sechost.dll
0x000007fefd980000 - 0x000007fefdaad000 	C:\Windows\system32\RPCRT4.dll
0x0000000076c00000 - 0x0000000076cfa000 	C:\Windows\system32\USER32.dll
0x000007fefe280000 - 0x000007fefe2e7000 	C:\Windows\system32\GDI32.dll
0x000007fefdab0000 - 0x000007fefdabe000 	C:\Windows\system32\LPK.dll
0x000007fefd8b0000 - 0x000007fefd979000 	C:\Windows\system32\USP10.dll
0x000007fef6d60000 - 0x000007fef6f54000 	C:\Windows\WinSxS\amd64_microsoft.windows.common-controls_6595b64144ccf1df_6.0.7601.17514_none_fa396087175ac9ac\COMCTL32.dll
0x000007fefe160000 - 0x000007fefe1d1000 	C:\Windows\system32\SHLWAPI.dll
0x000007fefc420000 - 0x000007fefc44e000 	C:\Windows\system32\IMM32.DLL
0x000007fefd7a0000 - 0x000007fefd8a9000 	C:\Windows\system32\MSCTF.dll
0x000000006d6a0000 - 0x000000006d772000 	C:\Program Files\Java\jre7\bin\msvcr100.dll
0x0000000068a50000 - 0x0000000069219000 	C:\Program Files\Java\jre7\bin\server\jvm.dll
0x000007fede8d0000 - 0x000007fede8d9000 	C:\Windows\system32\WSOCK32.dll
0x000007fefc650000 - 0x000007fefc69d000 	C:\Windows\system32\WS2_32.dll
0x000007fefdda0000 - 0x000007fefdda8000 	C:\Windows\system32\NSI.dll
0x000007fef2f90000 - 0x000007fef2fcb000 	C:\Windows\system32\WINMM.dll
0x0000000076fe0000 - 0x0000000076fe7000 	C:\Windows\system32\PSAPI.DLL
0x0000000070cf0000 - 0x0000000070cff000 	C:\Program Files\Java\jre7\bin\verify.dll
0x0000000070cc0000 - 0x0000000070ce8000 	C:\Program Files\Java\jre7\bin\java.dll
0x0000000070ca0000 - 0x0000000070cb5000 	C:\Program Files\Java\jre7\bin\zip.dll

VM Arguments:
jvm_args: -Xmx12048M 
java_command: Solver -file=tmp.data
Launcher Type: SUN_STANDARD

Environment Variables:
PATH=C:\Python27\;C:\Program Files (x86)\NVIDIA Corporation\PhysX\Common;C:\Python27\;C:\Python27\Scripts;C:\Windows\system32;C:\Windows;C:\Windows\System32\Wbem;C:\Windows\System32\WindowsPowerShell\v1.0\;C:\Program Files\Microsoft\Web Platform Installer\;C:\Program Files (x86)\Microsoft ASP.NET\ASP.NET Web Pages\v1.0\;C:\Program Files (x86)\Windows Kits\8.0\Windows Performance Toolkit\;C:\Program Files\Microsoft SQL Server\110\Tools\Binn\;C:\Python27;C:\Python27\Scripts;C:\Users\max\AppData\Roaming\Python\Scripts;C:\Windows\system32\WindowsPowerShell\v1.0\;C:\Program Files (x86)\NVIDIA Corporation\PhysX\Common;C:\Windows\system32;C:\Windows;C:\Windows\System32\Wbem;C:\Windows\System32\WindowsPowerShell\v1.0\;C:\Program Files\Microsoft\Web Platform Installer\;C:\Program Files (x86)\Microsoft ASP.NET\ASP.NET Web Pages\v1.0\;C:\Program Files (x86)\Windows Kits\8.0\Windows Performance Toolkit\;C:\Program Files\Microsoft SQL Server\110\Tools\Binn\;D:\Appz\python\D:\Appz\python\Scripts;C:\Python27;C:\Python27\Scripts\
USERNAME=max
OS=Windows_NT
PROCESSOR_IDENTIFIER=Intel64 Family 6 Model 42 Stepping 7, GenuineIntel



---------------  S Y S T E M  ---------------

OS: Windows 7 , 64 bit Build 7601 Service Pack 1

CPU:total 8 (4 cores per cpu, 2 threads per core) family 6 model 42 stepping 7, cmov, cx8, fxsr, mmx, sse, sse2, sse3, ssse3, sse4.1, sse4.2, popcnt, avx, aes, ht, tsc, tscinvbit

Memory: 4k page, physical 12565872k(1454964k free), swap 13612584k(5120k free)

vm_info: Java HotSpot(TM) 64-Bit Server VM (24.51-b03) for windows-amd64 JRE (1.7.0_51-b13), built on Dec 18 2013 18:40:56 by "java_re" with unknown MS VC++:1600

time: Fri Mar 07 18:48:01 2014
elapsed time: 181 seconds

