Apr 16, 2014 10:44:52 PM SolutionFinder <init>
INFO: null
Apr 16, 2014 10:44:52 PM SolutionFinder printOutput
INFO: Iteration is : 1
Apr 16, 2014 10:44:52 PM SolutionFinder printOutput
INFO: Best value is : 4260.925968985803
Apr 16, 2014 10:44:52 PM SolutionFinder printOutput
INFO: Old value is : 4260.925968985803
Apr 16, 2014 10:44:52 PM SolutionFinder printOutput
INFO: Iteration is : 2
Apr 16, 2014 10:44:52 PM SolutionFinder printOutput
INFO: Best value is : 4260.925968985803
Apr 16, 2014 10:44:52 PM SolutionFinder printOutput
INFO: Old value is : 5571.58435298038
Apr 16, 2014 10:44:52 PM SolutionFinder printOutput
INFO: Iteration is : 3
Apr 16, 2014 10:44:52 PM SolutionFinder printOutput
INFO: Best value is : 4260.925968985803
Apr 16, 2014 10:44:52 PM SolutionFinder printOutput
INFO: Old value is : 5150.960157325574
Apr 16, 2014 10:44:52 PM SolutionFinder printOutput
INFO: Iteration is : 4
Apr 16, 2014 10:44:52 PM SolutionFinder printOutput
INFO: Best value is : 4260.925968985803
Apr 16, 2014 10:44:52 PM SolutionFinder printOutput
INFO: Old value is : 5075.866914126988
Apr 16, 2014 10:44:52 PM SolutionFinder printOutput
INFO: Iteration is : 5
Apr 16, 2014 10:44:52 PM SolutionFinder printOutput
INFO: Best value is : 4260.925968985803
Apr 16, 2014 10:44:52 PM SolutionFinder printOutput
INFO: Old value is : 5039.237065075709
Apr 16, 2014 10:44:52 PM SolutionFinder printOutput
INFO: Iteration is : 6
Apr 16, 2014 10:44:52 PM SolutionFinder printOutput
INFO: Best value is : 4260.925968985803
Apr 16, 2014 10:44:52 PM SolutionFinder printOutput
INFO: Old value is : 5327.1132764632575
Apr 16, 2014 10:44:52 PM SolutionFinder printOutput
INFO: Iteration is : 7
Apr 16, 2014 10:44:52 PM SolutionFinder printOutput
INFO: Best value is : 4260.925968985803
Apr 16, 2014 10:44:52 PM SolutionFinder printOutput
INFO: Old value is : 5303.0698842669035
Apr 16, 2014 10:44:52 PM SolutionFinder printOutput
INFO: Iteration is : 8
Apr 16, 2014 10:44:52 PM SolutionFinder printOutput
INFO: Best value is : 4260.925968985803
Apr 16, 2014 10:44:52 PM SolutionFinder printOutput
INFO: Old value is : 5129.005292487883
Apr 16, 2014 10:44:52 PM SolutionFinder printOutput
INFO: Iteration is : 9
Apr 16, 2014 10:44:52 PM SolutionFinder printOutput
INFO: Best value is : 4260.925968985803
Apr 16, 2014 10:44:52 PM SolutionFinder printOutput
INFO: Old value is : 5174.51230957796
Apr 16, 2014 10:44:52 PM SolutionFinder printOutput
INFO: Iteration is : 10
Apr 16, 2014 10:44:52 PM SolutionFinder printOutput
INFO: Best value is : 4260.925968985803
Apr 16, 2014 10:44:52 PM SolutionFinder printOutput
INFO: Old value is : 5155.216232414933
Apr 16, 2014 10:44:52 PM SolutionFinder printOutput
INFO: Iteration is : 11
Apr 16, 2014 10:44:52 PM SolutionFinder printOutput
INFO: Best value is : 4260.925968985803
Apr 16, 2014 10:44:52 PM SolutionFinder printOutput
INFO: Old value is : 5132.650071509553
Apr 16, 2014 10:44:52 PM SolutionFinder printOutput
INFO: Iteration is : 12
Apr 16, 2014 10:44:52 PM SolutionFinder printOutput
INFO: Best value is : 4260.925968985803
Apr 16, 2014 10:44:52 PM SolutionFinder printOutput
INFO: Old value is : 5306.845516303466
Apr 16, 2014 10:44:52 PM SolutionFinder printOutput
INFO: Iteration is : 13
Apr 16, 2014 10:44:52 PM SolutionFinder printOutput
INFO: Best value is : 4260.925968985803
Apr 16, 2014 10:44:52 PM SolutionFinder printOutput
INFO: Old value is : 4870.409434798828
Apr 16, 2014 10:44:52 PM SolutionFinder printOutput
INFO: Iteration is : 14
Apr 16, 2014 10:44:52 PM SolutionFinder printOutput
INFO: Best value is : 4260.925968985803
Apr 16, 2014 10:44:52 PM SolutionFinder printOutput
INFO: Old value is : 5217.464976376242
Apr 16, 2014 10:44:52 PM SolutionFinder printOutput
INFO: Iteration is : 15
Apr 16, 2014 10:44:52 PM SolutionFinder printOutput
INFO: Best value is : 4260.925968985803
Apr 16, 2014 10:44:52 PM SolutionFinder printOutput
INFO: Old value is : 5060.802759610791
Apr 16, 2014 10:44:52 PM SolutionFinder printOutput
INFO: Iteration is : 16
Apr 16, 2014 10:44:52 PM SolutionFinder printOutput
INFO: Best value is : 4260.925968985803
Apr 16, 2014 10:44:52 PM SolutionFinder printOutput
INFO: Old value is : 5270.961940709381
Apr 16, 2014 10:44:52 PM SolutionFinder printOutput
INFO: Iteration is : 17
Apr 16, 2014 10:44:52 PM SolutionFinder printOutput
INFO: Best value is : 4260.925968985803
Apr 16, 2014 10:44:52 PM SolutionFinder printOutput
INFO: Old value is : 5219.6029718322725
Apr 16, 2014 10:44:52 PM SolutionFinder printOutput
INFO: Iteration is : 18
Apr 16, 2014 10:44:52 PM SolutionFinder printOutput
INFO: Best value is : 4260.925968985803
Apr 16, 2014 10:44:52 PM SolutionFinder printOutput
INFO: Old value is : 5162.887921101953
Apr 16, 2014 10:44:52 PM SolutionFinder printOutput
INFO: Iteration is : 19
Apr 16, 2014 10:44:52 PM SolutionFinder printOutput
INFO: Best value is : 4260.925968985803
Apr 16, 2014 10:44:52 PM SolutionFinder printOutput
INFO: Old value is : 5134.052298958488
Apr 16, 2014 10:44:52 PM SolutionFinder printOutput
INFO: Iteration is : 20
Apr 16, 2014 10:44:52 PM SolutionFinder printOutput
INFO: Best value is : 4260.925968985803
Apr 16, 2014 10:44:52 PM SolutionFinder printOutput
INFO: Old value is : 5088.570412100256
Apr 16, 2014 10:44:52 PM SolutionFinder printOutput
INFO: Iteration is : 21
Apr 16, 2014 10:44:52 PM SolutionFinder printOutput
INFO: Best value is : 4260.925968985803
Apr 16, 2014 10:44:52 PM SolutionFinder printOutput
INFO: Old value is : 4983.874080285552
Apr 16, 2014 10:44:52 PM SolutionFinder printOutput
INFO: Iteration is : 22
Apr 16, 2014 10:44:52 PM SolutionFinder printOutput
INFO: Best value is : 4260.925968985803
Apr 16, 2014 10:44:52 PM SolutionFinder printOutput
INFO: Old value is : 5086.227689775561
Apr 16, 2014 10:44:52 PM SolutionFinder printOutput
INFO: Iteration is : 23
Apr 16, 2014 10:44:52 PM SolutionFinder printOutput
INFO: Best value is : 4260.925968985803
Apr 16, 2014 10:44:52 PM SolutionFinder printOutput
INFO: Old value is : 5034.569692002729
Apr 16, 2014 10:44:52 PM SolutionFinder printOutput
INFO: Iteration is : 24
Apr 16, 2014 10:44:52 PM SolutionFinder printOutput
INFO: Best value is : 4260.925968985803
Apr 16, 2014 10:44:52 PM SolutionFinder printOutput
INFO: Old value is : 5040.299966246
Apr 16, 2014 10:44:52 PM SolutionFinder printOutput
INFO: Iteration is : 25
Apr 16, 2014 10:44:52 PM SolutionFinder printOutput
INFO: Best value is : 4260.925968985803
Apr 16, 2014 10:44:52 PM SolutionFinder printOutput
INFO: Old value is : 5150.127189964132
Apr 16, 2014 10:44:52 PM SolutionFinder printOutput
INFO: Iteration is : 26
Apr 16, 2014 10:44:52 PM SolutionFinder printOutput
INFO: Best value is : 4260.925968985803
Apr 16, 2014 10:44:52 PM SolutionFinder printOutput
INFO: Old value is : 5101.023355956883
Apr 16, 2014 10:44:52 PM SolutionFinder printOutput
INFO: Iteration is : 27
Apr 16, 2014 10:44:52 PM SolutionFinder printOutput
INFO: Best value is : 4260.925968985803
Apr 16, 2014 10:44:52 PM SolutionFinder printOutput
INFO: Old value is : 4895.189074600808
Apr 16, 2014 10:44:52 PM SolutionFinder printOutput
INFO: Iteration is : 28
Apr 16, 2014 10:44:52 PM SolutionFinder printOutput
INFO: Best value is : 4260.925968985803
Apr 16, 2014 10:44:52 PM SolutionFinder printOutput
INFO: Old value is : 5076.813900768266
Apr 16, 2014 10:44:52 PM SolutionFinder printOutput
INFO: Iteration is : 29
Apr 16, 2014 10:44:52 PM SolutionFinder printOutput
INFO: Best value is : 4260.925968985803
Apr 16, 2014 10:44:52 PM SolutionFinder printOutput
INFO: Old value is : 5167.5538578717815
Apr 16, 2014 10:44:52 PM SolutionFinder printOutput
INFO: Iteration is : 30
Apr 16, 2014 10:44:52 PM SolutionFinder printOutput
INFO: Best value is : 4260.925968985803
Apr 16, 2014 10:44:52 PM SolutionFinder printOutput
INFO: Old value is : 5201.354522621963
Apr 16, 2014 10:44:52 PM SolutionFinder printOutput
INFO: Iteration is : 31
Apr 16, 2014 10:44:52 PM SolutionFinder printOutput
INFO: Best value is : 4260.925968985803
Apr 16, 2014 10:44:52 PM SolutionFinder printOutput
INFO: Old value is : 5156.590122623134
Apr 16, 2014 10:44:52 PM SolutionFinder printOutput
INFO: Iteration is : 32
Apr 16, 2014 10:44:52 PM SolutionFinder printOutput
INFO: Best value is : 4260.925968985803
Apr 16, 2014 10:44:52 PM SolutionFinder printOutput
INFO: Old value is : 5108.217617183862
Apr 16, 2014 10:44:52 PM SolutionFinder printOutput
INFO: Iteration is : 33
Apr 16, 2014 10:44:52 PM SolutionFinder printOutput
INFO: Best value is : 4260.925968985803
Apr 16, 2014 10:44:52 PM SolutionFinder printOutput
INFO: Old value is : 5127.464419008534
Apr 16, 2014 10:44:52 PM SolutionFinder printOutput
INFO: Iteration is : 34
Apr 16, 2014 10:44:52 PM SolutionFinder printOutput
INFO: Best value is : 4260.925968985803
Apr 16, 2014 10:44:52 PM SolutionFinder printOutput
INFO: Old value is : 5219.870246838825
Apr 16, 2014 10:44:52 PM SolutionFinder printOutput
INFO: Iteration is : 35
Apr 16, 2014 10:44:52 PM SolutionFinder printOutput
INFO: Best value is : 4260.925968985803
Apr 16, 2014 10:44:52 PM SolutionFinder printOutput
INFO: Old value is : 5343.818775575192
Apr 16, 2014 10:44:52 PM SolutionFinder printOutput
INFO: Iteration is : 36
Apr 16, 2014 10:44:52 PM SolutionFinder printOutput
INFO: Best value is : 4260.925968985803
Apr 16, 2014 10:44:52 PM SolutionFinder printOutput
INFO: Old value is : 5215.486502251423
Apr 16, 2014 10:44:52 PM SolutionFinder printOutput
INFO: Iteration is : 37
Apr 16, 2014 10:44:52 PM SolutionFinder printOutput
INFO: Best value is : 4260.925968985803
Apr 16, 2014 10:44:52 PM SolutionFinder printOutput
INFO: Old value is : 4932.024759587059
Apr 16, 2014 10:44:52 PM SolutionFinder printOutput
INFO: Iteration is : 38
Apr 16, 2014 10:44:52 PM SolutionFinder printOutput
INFO: Best value is : 4260.925968985803
Apr 16, 2014 10:44:52 PM SolutionFinder printOutput
INFO: Old value is : 5154.204528877795
Apr 16, 2014 10:44:52 PM SolutionFinder printOutput
INFO: Iteration is : 39
Apr 16, 2014 10:44:52 PM SolutionFinder printOutput
INFO: Best value is : 4260.925968985803
Apr 16, 2014 10:44:52 PM SolutionFinder printOutput
INFO: Old value is : 5070.288360635863
Apr 16, 2014 10:44:52 PM SolutionFinder printOutput
INFO: Iteration is : 40
Apr 16, 2014 10:44:52 PM SolutionFinder printOutput
INFO: Best value is : 4260.925968985803
Apr 16, 2014 10:44:52 PM SolutionFinder printOutput
INFO: Old value is : 4921.98093240261
Apr 16, 2014 10:44:52 PM SolutionFinder printOutput
INFO: Iteration is : 41
Apr 16, 2014 10:44:52 PM SolutionFinder printOutput
INFO: Best value is : 4260.925968985803
Apr 16, 2014 10:44:52 PM SolutionFinder printOutput
INFO: Old value is : 5136.854325498336
Apr 16, 2014 10:44:52 PM SolutionFinder printOutput
INFO: Iteration is : 42
Apr 16, 2014 10:44:52 PM SolutionFinder printOutput
INFO: Best value is : 4260.925968985803
Apr 16, 2014 10:44:52 PM SolutionFinder printOutput
INFO: Old value is : 5056.79895138962
Apr 16, 2014 10:44:52 PM SolutionFinder printOutput
INFO: Iteration is : 43
Apr 16, 2014 10:44:52 PM SolutionFinder printOutput
INFO: Best value is : 4260.925968985803
Apr 16, 2014 10:44:52 PM SolutionFinder printOutput
INFO: Old value is : 5159.366721555385
Apr 16, 2014 10:44:52 PM SolutionFinder printOutput
INFO: Iteration is : 44
Apr 16, 2014 10:44:52 PM SolutionFinder printOutput
INFO: Best value is : 4260.925968985803
Apr 16, 2014 10:44:52 PM SolutionFinder printOutput
INFO: Old value is : 5137.565473994003
Apr 16, 2014 10:44:52 PM SolutionFinder printOutput
INFO: Iteration is : 45
Apr 16, 2014 10:44:52 PM SolutionFinder printOutput
INFO: Best value is : 4260.925968985803
Apr 16, 2014 10:44:52 PM SolutionFinder printOutput
INFO: Old value is : 5089.007108944716
Apr 16, 2014 10:44:52 PM SolutionFinder printOutput
INFO: Iteration is : 46
Apr 16, 2014 10:44:52 PM SolutionFinder printOutput
INFO: Best value is : 4260.925968985803
Apr 16, 2014 10:44:52 PM SolutionFinder printOutput
INFO: Old value is : 5204.064378999046
Apr 16, 2014 10:44:52 PM SolutionFinder printOutput
INFO: Iteration is : 47
Apr 16, 2014 10:44:52 PM SolutionFinder printOutput
INFO: Best value is : 4260.925968985803
Apr 16, 2014 10:44:52 PM SolutionFinder printOutput
INFO: Old value is : 5209.375627152685
Apr 16, 2014 10:44:52 PM SolutionFinder printOutput
INFO: Iteration is : 48
Apr 16, 2014 10:44:52 PM SolutionFinder printOutput
INFO: Best value is : 4260.925968985803
Apr 16, 2014 10:44:52 PM SolutionFinder printOutput
INFO: Old value is : 5157.393796147337
Apr 16, 2014 10:44:52 PM SolutionFinder printOutput
INFO: Iteration is : 49
Apr 16, 2014 10:44:52 PM SolutionFinder printOutput
INFO: Best value is : 4260.925968985803
Apr 16, 2014 10:44:52 PM SolutionFinder printOutput
INFO: Old value is : 5146.2953963295795
Apr 16, 2014 10:44:52 PM SolutionFinder printOutput
INFO: Iteration is : 50
Apr 16, 2014 10:44:52 PM SolutionFinder printOutput
INFO: Best value is : 4260.925968985803
Apr 16, 2014 10:44:52 PM SolutionFinder printOutput
INFO: Old value is : 4974.676290663733
Apr 16, 2014 10:44:52 PM SolutionFinder printOutput
INFO: Iteration is : 51
Apr 16, 2014 10:44:52 PM SolutionFinder printOutput
INFO: Best value is : 4260.925968985803
Apr 16, 2014 10:44:52 PM SolutionFinder printOutput
INFO: Old value is : 5138.922603286956
Apr 16, 2014 10:44:52 PM SolutionFinder printOutput
INFO: Iteration is : 52
Apr 16, 2014 10:44:52 PM SolutionFinder printOutput
INFO: Best value is : 4260.925968985803
Apr 16, 2014 10:44:52 PM SolutionFinder printOutput
INFO: Old value is : 5130.300309407908
Apr 16, 2014 10:44:52 PM SolutionFinder printOutput
INFO: Iteration is : 53
Apr 16, 2014 10:44:52 PM SolutionFinder printOutput
INFO: Best value is : 4260.925968985803
Apr 16, 2014 10:44:52 PM SolutionFinder printOutput
INFO: Old value is : 5165.602511497846
Apr 16, 2014 10:44:52 PM SolutionFinder printOutput
INFO: Iteration is : 54
Apr 16, 2014 10:44:52 PM SolutionFinder printOutput
INFO: Best value is : 4260.925968985803
Apr 16, 2014 10:44:52 PM SolutionFinder printOutput
INFO: Old value is : 4955.534725036166
Apr 16, 2014 10:44:52 PM SolutionFinder printOutput
INFO: Iteration is : 55
Apr 16, 2014 10:44:52 PM SolutionFinder printOutput
INFO: Best value is : 4260.925968985803
Apr 16, 2014 10:44:52 PM SolutionFinder printOutput
INFO: Old value is : 4956.130381550512
Apr 16, 2014 10:44:52 PM SolutionFinder printOutput
INFO: Iteration is : 56
Apr 16, 2014 10:44:52 PM SolutionFinder printOutput
INFO: Best value is : 4260.925968985803
Apr 16, 2014 10:44:52 PM SolutionFinder printOutput
INFO: Old value is : 5080.069552975926
Apr 16, 2014 10:44:52 PM SolutionFinder printOutput
INFO: Iteration is : 57
Apr 16, 2014 10:44:52 PM SolutionFinder printOutput
INFO: Best value is : 4260.925968985803
Apr 16, 2014 10:44:52 PM SolutionFinder printOutput
INFO: Old value is : 5099.621739320533
Apr 16, 2014 10:44:52 PM SolutionFinder printOutput
INFO: Iteration is : 58
Apr 16, 2014 10:44:52 PM SolutionFinder printOutput
INFO: Best value is : 4260.925968985803
Apr 16, 2014 10:44:52 PM SolutionFinder printOutput
INFO: Old value is : 5062.150751175423
Apr 16, 2014 10:44:52 PM SolutionFinder printOutput
INFO: Iteration is : 59
Apr 16, 2014 10:44:52 PM SolutionFinder printOutput
INFO: Best value is : 4260.925968985803
Apr 16, 2014 10:44:52 PM SolutionFinder printOutput
INFO: Old value is : 5127.389807533059
Apr 16, 2014 10:44:52 PM SolutionFinder printOutput
INFO: Iteration is : 60
Apr 16, 2014 10:44:52 PM SolutionFinder printOutput
INFO: Best value is : 4260.925968985803
Apr 16, 2014 10:44:52 PM SolutionFinder printOutput
INFO: Old value is : 5012.2415916166365
Apr 16, 2014 10:44:52 PM SolutionFinder printOutput
INFO: Iteration is : 61
Apr 16, 2014 10:44:52 PM SolutionFinder printOutput
INFO: Best value is : 4260.925968985803
Apr 16, 2014 10:44:52 PM SolutionFinder printOutput
INFO: Old value is : 5112.864857048826
Apr 16, 2014 10:44:52 PM SolutionFinder printOutput
INFO: Iteration is : 62
Apr 16, 2014 10:44:52 PM SolutionFinder printOutput
INFO: Best value is : 4260.925968985803
Apr 16, 2014 10:44:52 PM SolutionFinder printOutput
INFO: Old value is : 5117.859797436277
Apr 16, 2014 10:44:52 PM SolutionFinder printOutput
INFO: Iteration is : 63
Apr 16, 2014 10:44:52 PM SolutionFinder printOutput
INFO: Best value is : 4260.925968985803
Apr 16, 2014 10:44:52 PM SolutionFinder printOutput
INFO: Old value is : 5028.488475476553
Apr 16, 2014 10:44:52 PM SolutionFinder printOutput
INFO: Iteration is : 64
Apr 16, 2014 10:44:52 PM SolutionFinder printOutput
INFO: Best value is : 4260.925968985803
Apr 16, 2014 10:44:52 PM SolutionFinder printOutput
INFO: Old value is : 5354.316101632258
Apr 16, 2014 10:44:52 PM SolutionFinder printOutput
INFO: Iteration is : 65
Apr 16, 2014 10:44:52 PM SolutionFinder printOutput
INFO: Best value is : 4260.925968985803
Apr 16, 2014 10:44:52 PM SolutionFinder printOutput
INFO: Old value is : 5332.759949874817
Apr 16, 2014 10:44:52 PM SolutionFinder printOutput
INFO: Iteration is : 66
Apr 16, 2014 10:44:52 PM SolutionFinder printOutput
INFO: Best value is : 4260.925968985803
Apr 16, 2014 10:44:52 PM SolutionFinder printOutput
INFO: Old value is : 5100.745353174834
Apr 16, 2014 10:44:52 PM SolutionFinder printOutput
INFO: Iteration is : 67
Apr 16, 2014 10:44:52 PM SolutionFinder printOutput
INFO: Best value is : 4260.925968985803
Apr 16, 2014 10:44:52 PM SolutionFinder printOutput
INFO: Old value is : 5088.54157005022
Apr 16, 2014 10:44:52 PM SolutionFinder printOutput
INFO: Iteration is : 68
Apr 16, 2014 10:44:52 PM SolutionFinder printOutput
INFO: Best value is : 4260.925968985803
Apr 16, 2014 10:44:52 PM SolutionFinder printOutput
INFO: Old value is : 5176.141742147457
Apr 16, 2014 10:44:52 PM SolutionFinder printOutput
INFO: Iteration is : 69
Apr 16, 2014 10:44:52 PM SolutionFinder printOutput
INFO: Best value is : 4260.925968985803
Apr 16, 2014 10:44:52 PM SolutionFinder printOutput
INFO: Old value is : 5131.304564896824
Apr 16, 2014 10:44:52 PM SolutionFinder printOutput
INFO: Iteration is : 70
Apr 16, 2014 10:44:52 PM SolutionFinder printOutput
INFO: Best value is : 4260.925968985803
Apr 16, 2014 10:44:52 PM SolutionFinder printOutput
INFO: Old value is : 4991.1860767019425
Apr 16, 2014 10:44:52 PM SolutionFinder printOutput
INFO: Iteration is : 71
Apr 16, 2014 10:44:52 PM SolutionFinder printOutput
INFO: Best value is : 4260.925968985803
Apr 16, 2014 10:44:52 PM SolutionFinder printOutput
INFO: Old value is : 5261.4721132383975
Apr 16, 2014 10:44:52 PM SolutionFinder printOutput
INFO: Iteration is : 72
Apr 16, 2014 10:44:52 PM SolutionFinder printOutput
INFO: Best value is : 4260.925968985803
Apr 16, 2014 10:44:52 PM SolutionFinder printOutput
INFO: Old value is : 4961.78612577935
Apr 16, 2014 10:44:52 PM SolutionFinder printOutput
INFO: Iteration is : 73
Apr 16, 2014 10:44:52 PM SolutionFinder printOutput
INFO: Best value is : 4260.925968985803
Apr 16, 2014 10:44:52 PM SolutionFinder printOutput
INFO: Old value is : 5154.371835625423
Apr 16, 2014 10:44:52 PM SolutionFinder printOutput
INFO: Iteration is : 74
Apr 16, 2014 10:44:52 PM SolutionFinder printOutput
INFO: Best value is : 4260.925968985803
Apr 16, 2014 10:44:52 PM SolutionFinder printOutput
INFO: Old value is : 4980.468293767261
Apr 16, 2014 10:44:52 PM SolutionFinder printOutput
INFO: Iteration is : 75
Apr 16, 2014 10:44:52 PM SolutionFinder printOutput
INFO: Best value is : 4260.925968985803
Apr 16, 2014 10:44:52 PM SolutionFinder printOutput
INFO: Old value is : 5233.932812656373
Apr 16, 2014 10:44:52 PM SolutionFinder printOutput
INFO: Iteration is : 76
Apr 16, 2014 10:44:52 PM SolutionFinder printOutput
INFO: Best value is : 4260.925968985803
Apr 16, 2014 10:44:52 PM SolutionFinder printOutput
INFO: Old value is : 5118.071588986726
Apr 16, 2014 10:44:52 PM SolutionFinder printOutput
INFO: Iteration is : 77
Apr 16, 2014 10:44:52 PM SolutionFinder printOutput
INFO: Best value is : 4260.925968985803
Apr 16, 2014 10:44:52 PM SolutionFinder printOutput
INFO: Old value is : 5141.680902837518
Apr 16, 2014 10:44:52 PM SolutionFinder printOutput
INFO: Iteration is : 78
Apr 16, 2014 10:44:52 PM SolutionFinder printOutput
INFO: Best value is : 4260.925968985803
Apr 16, 2014 10:44:52 PM SolutionFinder printOutput
INFO: Old value is : 5033.104235663299
Apr 16, 2014 10:44:52 PM SolutionFinder printOutput
INFO: Iteration is : 79
Apr 16, 2014 10:44:52 PM SolutionFinder printOutput
INFO: Best value is : 4260.925968985803
Apr 16, 2014 10:44:52 PM SolutionFinder printOutput
INFO: Old value is : 5201.862244726827
Apr 16, 2014 10:44:52 PM SolutionFinder printOutput
INFO: Iteration is : 80
Apr 16, 2014 10:44:52 PM SolutionFinder printOutput
INFO: Best value is : 4260.925968985803
Apr 16, 2014 10:44:52 PM SolutionFinder printOutput
INFO: Old value is : 5073.247398968688
Apr 16, 2014 10:44:52 PM SolutionFinder printOutput
INFO: Iteration is : 81
Apr 16, 2014 10:44:52 PM SolutionFinder printOutput
INFO: Best value is : 4260.925968985803
Apr 16, 2014 10:44:52 PM SolutionFinder printOutput
INFO: Old value is : 5102.391500547016
Apr 16, 2014 10:44:52 PM SolutionFinder printOutput
INFO: Iteration is : 82
Apr 16, 2014 10:44:52 PM SolutionFinder printOutput
INFO: Best value is : 4260.925968985803
Apr 16, 2014 10:44:52 PM SolutionFinder printOutput
INFO: Old value is : 5094.31613592059
Apr 16, 2014 10:44:52 PM SolutionFinder printOutput
INFO: Iteration is : 83
Apr 16, 2014 10:44:52 PM SolutionFinder printOutput
INFO: Best value is : 4260.925968985803
Apr 16, 2014 10:44:52 PM SolutionFinder printOutput
INFO: Old value is : 5214.489159665105
Apr 16, 2014 10:44:52 PM SolutionFinder printOutput
INFO: Iteration is : 84
Apr 16, 2014 10:44:52 PM SolutionFinder printOutput
INFO: Best value is : 4260.925968985803
Apr 16, 2014 10:44:52 PM SolutionFinder printOutput
INFO: Old value is : 5209.759281020484
Apr 16, 2014 10:44:52 PM SolutionFinder printOutput
INFO: Iteration is : 85
Apr 16, 2014 10:44:52 PM SolutionFinder printOutput
INFO: Best value is : 4260.925968985803
Apr 16, 2014 10:44:52 PM SolutionFinder printOutput
INFO: Old value is : 5028.742890247035
Apr 16, 2014 10:44:52 PM SolutionFinder printOutput
INFO: Iteration is : 86
Apr 16, 2014 10:44:52 PM SolutionFinder printOutput
INFO: Best value is : 4260.925968985803
Apr 16, 2014 10:44:52 PM SolutionFinder printOutput
INFO: Old value is : 5182.377359730511
Apr 16, 2014 10:44:52 PM SolutionFinder printOutput
INFO: Iteration is : 87
Apr 16, 2014 10:44:52 PM SolutionFinder printOutput
INFO: Best value is : 4260.925968985803
Apr 16, 2014 10:44:52 PM SolutionFinder printOutput
INFO: Old value is : 5110.801954339557
Apr 16, 2014 10:44:52 PM SolutionFinder printOutput
INFO: Iteration is : 88
Apr 16, 2014 10:44:52 PM SolutionFinder printOutput
INFO: Best value is : 4260.925968985803
Apr 16, 2014 10:44:52 PM SolutionFinder printOutput
INFO: Old value is : 5191.257958221897
Apr 16, 2014 10:44:52 PM SolutionFinder printOutput
INFO: Iteration is : 89
Apr 16, 2014 10:44:52 PM SolutionFinder printOutput
INFO: Best value is : 4260.925968985803
Apr 16, 2014 10:44:52 PM SolutionFinder printOutput
INFO: Old value is : 5026.061899680685
Apr 16, 2014 10:44:52 PM SolutionFinder printOutput
INFO: Iteration is : 90
Apr 16, 2014 10:44:52 PM SolutionFinder printOutput
INFO: Best value is : 4260.925968985803
Apr 16, 2014 10:44:52 PM SolutionFinder printOutput
INFO: Old value is : 4915.394316833021
Apr 16, 2014 10:44:52 PM SolutionFinder printOutput
INFO: Iteration is : 91
Apr 16, 2014 10:44:52 PM SolutionFinder printOutput
INFO: Best value is : 4260.925968985803
Apr 16, 2014 10:44:52 PM SolutionFinder printOutput
INFO: Old value is : 5068.178309547207
Apr 16, 2014 10:44:52 PM SolutionFinder printOutput
INFO: Iteration is : 92
Apr 16, 2014 10:44:52 PM SolutionFinder printOutput
INFO: Best value is : 4260.925968985803
Apr 16, 2014 10:44:52 PM SolutionFinder printOutput
INFO: Old value is : 5289.000013460682
Apr 16, 2014 10:44:52 PM SolutionFinder printOutput
INFO: Iteration is : 93
Apr 16, 2014 10:44:52 PM SolutionFinder printOutput
INFO: Best value is : 4260.925968985803
Apr 16, 2014 10:44:52 PM SolutionFinder printOutput
INFO: Old value is : 5148.22308516174
Apr 16, 2014 10:44:52 PM SolutionFinder printOutput
INFO: Iteration is : 94
Apr 16, 2014 10:44:52 PM SolutionFinder printOutput
INFO: Best value is : 4260.925968985803
Apr 16, 2014 10:44:52 PM SolutionFinder printOutput
INFO: Old value is : 5254.360647337669
Apr 16, 2014 10:44:52 PM SolutionFinder printOutput
INFO: Iteration is : 95
Apr 16, 2014 10:44:52 PM SolutionFinder printOutput
INFO: Best value is : 4260.925968985803
Apr 16, 2014 10:44:52 PM SolutionFinder printOutput
INFO: Old value is : 5038.516759810323
Apr 16, 2014 10:44:52 PM SolutionFinder printOutput
INFO: Iteration is : 96
Apr 16, 2014 10:44:52 PM SolutionFinder printOutput
INFO: Best value is : 4260.925968985803
Apr 16, 2014 10:44:52 PM SolutionFinder printOutput
INFO: Old value is : 5233.500122590924
Apr 16, 2014 10:44:52 PM SolutionFinder printOutput
INFO: Iteration is : 97
Apr 16, 2014 10:44:52 PM SolutionFinder printOutput
INFO: Best value is : 4260.925968985803
Apr 16, 2014 10:44:52 PM SolutionFinder printOutput
INFO: Old value is : 5180.200065201044
Apr 16, 2014 10:44:52 PM SolutionFinder printOutput
INFO: Iteration is : 98
Apr 16, 2014 10:44:52 PM SolutionFinder printOutput
INFO: Best value is : 4260.925968985803
Apr 16, 2014 10:44:52 PM SolutionFinder printOutput
INFO: Old value is : 5071.336535418717
Apr 16, 2014 10:44:52 PM SolutionFinder printOutput
INFO: Iteration is : 99
Apr 16, 2014 10:44:52 PM SolutionFinder printOutput
INFO: Best value is : 4260.925968985803
Apr 16, 2014 10:44:52 PM SolutionFinder printOutput
INFO: Old value is : 5157.201513114009
Apr 16, 2014 10:44:52 PM SolutionFinder printOutput
INFO: Iteration is : 100
Apr 16, 2014 10:44:52 PM SolutionFinder printOutput
INFO: Best value is : 4260.925968985803
Apr 16, 2014 10:44:52 PM SolutionFinder printOutput
INFO: Old value is : 5105.919531975567
Apr 16, 2014 10:44:52 PM SolutionFinder printOutput
INFO: Iteration is : 101
Apr 16, 2014 10:44:52 PM SolutionFinder printOutput
INFO: Best value is : 4260.925968985803
Apr 16, 2014 10:44:52 PM SolutionFinder printOutput
INFO: Old value is : 5345.309310786225
Apr 16, 2014 10:44:52 PM SolutionFinder printOutput
INFO: Iteration is : 102
Apr 16, 2014 10:44:52 PM SolutionFinder printOutput
INFO: Best value is : 4260.925968985803
Apr 16, 2014 10:44:52 PM SolutionFinder printOutput
INFO: Old value is : 5252.699898601494
Apr 16, 2014 10:44:52 PM SolutionFinder printOutput
INFO: Iteration is : 103
Apr 16, 2014 10:44:52 PM SolutionFinder printOutput
INFO: Best value is : 4260.925968985803
Apr 16, 2014 10:44:52 PM SolutionFinder printOutput
INFO: Old value is : 4988.567365582226
Apr 16, 2014 10:44:52 PM SolutionFinder printOutput
INFO: Iteration is : 104
Apr 16, 2014 10:44:52 PM SolutionFinder printOutput
INFO: Best value is : 4260.925968985803
Apr 16, 2014 10:44:52 PM SolutionFinder printOutput
INFO: Old value is : 5206.491854462491
Apr 16, 2014 10:44:52 PM SolutionFinder printOutput
INFO: Iteration is : 105
Apr 16, 2014 10:44:52 PM SolutionFinder printOutput
INFO: Best value is : 4260.925968985803
Apr 16, 2014 10:44:52 PM SolutionFinder printOutput
INFO: Old value is : 5135.553361645595
Apr 16, 2014 10:44:53 PM SolutionFinder printOutput
INFO: Iteration is : 106
Apr 16, 2014 10:44:53 PM SolutionFinder printOutput
INFO: Best value is : 4260.925968985803
Apr 16, 2014 10:44:53 PM SolutionFinder printOutput
INFO: Old value is : 5177.229139497773
Apr 16, 2014 10:44:53 PM SolutionFinder printOutput
INFO: Iteration is : 107
Apr 16, 2014 10:44:53 PM SolutionFinder printOutput
INFO: Best value is : 4260.925968985803
Apr 16, 2014 10:44:53 PM SolutionFinder printOutput
INFO: Old value is : 5268.058978482652
Apr 16, 2014 10:44:53 PM SolutionFinder printOutput
INFO: Iteration is : 108
Apr 16, 2014 10:44:53 PM SolutionFinder printOutput
INFO: Best value is : 4260.925968985803
Apr 16, 2014 10:44:53 PM SolutionFinder printOutput
INFO: Old value is : 5169.383668062128
Apr 16, 2014 10:44:53 PM SolutionFinder printOutput
INFO: Iteration is : 109
Apr 16, 2014 10:44:53 PM SolutionFinder printOutput
INFO: Best value is : 4260.925968985803
Apr 16, 2014 10:44:53 PM SolutionFinder printOutput
INFO: Old value is : 5046.7858039800885
Apr 16, 2014 10:44:53 PM SolutionFinder printOutput
INFO: Iteration is : 110
Apr 16, 2014 10:44:53 PM SolutionFinder printOutput
INFO: Best value is : 4260.925968985803
Apr 16, 2014 10:44:53 PM SolutionFinder printOutput
INFO: Old value is : 4909.140048164974
Apr 16, 2014 10:44:53 PM SolutionFinder printOutput
INFO: Iteration is : 111
Apr 16, 2014 10:44:53 PM SolutionFinder printOutput
INFO: Best value is : 4260.925968985803
Apr 16, 2014 10:44:53 PM SolutionFinder printOutput
INFO: Old value is : 5114.567200215813
Apr 16, 2014 10:44:53 PM SolutionFinder printOutput
INFO: Iteration is : 112
Apr 16, 2014 10:44:53 PM SolutionFinder printOutput
INFO: Best value is : 4260.925968985803
Apr 16, 2014 10:44:53 PM SolutionFinder printOutput
INFO: Old value is : 5174.398216496068
Apr 16, 2014 10:44:53 PM SolutionFinder printOutput
INFO: Iteration is : 113
Apr 16, 2014 10:44:53 PM SolutionFinder printOutput
INFO: Best value is : 4260.925968985803
Apr 16, 2014 10:44:53 PM SolutionFinder printOutput
INFO: Old value is : 5174.691453220186
Apr 16, 2014 10:44:53 PM SolutionFinder printOutput
INFO: Iteration is : 114
Apr 16, 2014 10:44:53 PM SolutionFinder printOutput
INFO: Best value is : 4260.925968985803
Apr 16, 2014 10:44:53 PM SolutionFinder printOutput
INFO: Old value is : 4977.8687898713015
Apr 16, 2014 10:44:53 PM SolutionFinder printOutput
INFO: Iteration is : 115
Apr 16, 2014 10:44:53 PM SolutionFinder printOutput
INFO: Best value is : 4260.925968985803
Apr 16, 2014 10:44:53 PM SolutionFinder printOutput
INFO: Old value is : 5166.74048484747
Apr 16, 2014 10:44:53 PM SolutionFinder printOutput
INFO: Iteration is : 116
Apr 16, 2014 10:44:53 PM SolutionFinder printOutput
INFO: Best value is : 4260.925968985803
Apr 16, 2014 10:44:53 PM SolutionFinder printOutput
INFO: Old value is : 5119.5150434069155
Apr 16, 2014 10:44:53 PM SolutionFinder printOutput
INFO: Iteration is : 117
Apr 16, 2014 10:44:53 PM SolutionFinder printOutput
INFO: Best value is : 4260.925968985803
Apr 16, 2014 10:44:53 PM SolutionFinder printOutput
INFO: Old value is : 5115.351419015902
Apr 16, 2014 10:44:53 PM SolutionFinder printOutput
INFO: Iteration is : 118
Apr 16, 2014 10:44:53 PM SolutionFinder printOutput
INFO: Best value is : 4260.925968985803
Apr 16, 2014 10:44:53 PM SolutionFinder printOutput
INFO: Old value is : 5281.626781863107
Apr 16, 2014 10:44:53 PM SolutionFinder printOutput
INFO: Iteration is : 119
Apr 16, 2014 10:44:53 PM SolutionFinder printOutput
INFO: Best value is : 4260.925968985803
Apr 16, 2014 10:44:53 PM SolutionFinder printOutput
INFO: Old value is : 4986.542829860169
Apr 16, 2014 10:44:53 PM SolutionFinder printOutput
INFO: Iteration is : 120
Apr 16, 2014 10:44:53 PM SolutionFinder printOutput
INFO: Best value is : 4260.925968985803
Apr 16, 2014 10:44:53 PM SolutionFinder printOutput
INFO: Old value is : 4942.115874556162
Apr 16, 2014 10:44:53 PM SolutionFinder printOutput
INFO: Iteration is : 121
Apr 16, 2014 10:44:53 PM SolutionFinder printOutput
INFO: Best value is : 4260.925968985803
Apr 16, 2014 10:44:53 PM SolutionFinder printOutput
INFO: Old value is : 4934.373740668
Apr 16, 2014 10:44:53 PM SolutionFinder printOutput
INFO: Iteration is : 122
Apr 16, 2014 10:44:53 PM SolutionFinder printOutput
INFO: Best value is : 4260.925968985803
Apr 16, 2014 10:44:53 PM SolutionFinder printOutput
INFO: Old value is : 4986.636103372646
Apr 16, 2014 10:44:53 PM SolutionFinder printOutput
INFO: Iteration is : 123
Apr 16, 2014 10:44:53 PM SolutionFinder printOutput
INFO: Best value is : 4260.925968985803
Apr 16, 2014 10:44:53 PM SolutionFinder printOutput
INFO: Old value is : 5166.025148551585
Apr 16, 2014 10:44:53 PM SolutionFinder printOutput
INFO: Iteration is : 124
Apr 16, 2014 10:44:53 PM SolutionFinder printOutput
INFO: Best value is : 4260.925968985803
Apr 16, 2014 10:44:53 PM SolutionFinder printOutput
INFO: Old value is : 5116.75390528375
Apr 16, 2014 10:44:53 PM SolutionFinder printOutput
INFO: Iteration is : 125
Apr 16, 2014 10:44:53 PM SolutionFinder printOutput
INFO: Best value is : 4260.925968985803
Apr 16, 2014 10:44:53 PM SolutionFinder printOutput
INFO: Old value is : 5224.329863545302
Apr 16, 2014 10:44:53 PM SolutionFinder printOutput
INFO: Iteration is : 126
Apr 16, 2014 10:44:53 PM SolutionFinder printOutput
INFO: Best value is : 4260.925968985803
Apr 16, 2014 10:44:53 PM SolutionFinder printOutput
INFO: Old value is : 4925.752273254606
Apr 16, 2014 10:44:53 PM SolutionFinder printOutput
INFO: Iteration is : 127
Apr 16, 2014 10:44:53 PM SolutionFinder printOutput
INFO: Best value is : 4260.925968985803
Apr 16, 2014 10:44:53 PM SolutionFinder printOutput
INFO: Old value is : 5215.3279406934735
Apr 16, 2014 10:44:53 PM SolutionFinder printOutput
INFO: Iteration is : 128
Apr 16, 2014 10:44:53 PM SolutionFinder printOutput
INFO: Best value is : 4260.925968985803
Apr 16, 2014 10:44:53 PM SolutionFinder printOutput
INFO: Old value is : 5010.371110727298
Apr 16, 2014 10:44:53 PM SolutionFinder printOutput
INFO: Iteration is : 129
Apr 16, 2014 10:44:53 PM SolutionFinder printOutput
INFO: Best value is : 4260.925968985803
Apr 16, 2014 10:44:53 PM SolutionFinder printOutput
INFO: Old value is : 5297.7198821834245
Apr 16, 2014 10:44:53 PM SolutionFinder printOutput
INFO: Iteration is : 130
Apr 16, 2014 10:44:53 PM SolutionFinder printOutput
INFO: Best value is : 4260.925968985803
Apr 16, 2014 10:44:53 PM SolutionFinder printOutput
INFO: Old value is : 5043.183998270414
Apr 16, 2014 10:44:53 PM SolutionFinder printOutput
INFO: Iteration is : 131
Apr 16, 2014 10:44:53 PM SolutionFinder printOutput
INFO: Best value is : 4260.925968985803
Apr 16, 2014 10:44:53 PM SolutionFinder printOutput
INFO: Old value is : 5003.896577988471
Apr 16, 2014 10:44:53 PM SolutionFinder printOutput
INFO: Iteration is : 132
Apr 16, 2014 10:44:53 PM SolutionFinder printOutput
INFO: Best value is : 4260.925968985803
Apr 16, 2014 10:44:53 PM SolutionFinder printOutput
INFO: Old value is : 5160.330886940757
Apr 16, 2014 10:44:53 PM SolutionFinder printOutput
INFO: Iteration is : 133
Apr 16, 2014 10:44:53 PM SolutionFinder printOutput
INFO: Best value is : 4260.925968985803
Apr 16, 2014 10:44:53 PM SolutionFinder printOutput
INFO: Old value is : 5088.222321642031
Apr 16, 2014 10:44:53 PM SolutionFinder printOutput
INFO: Iteration is : 134
Apr 16, 2014 10:44:53 PM SolutionFinder printOutput
INFO: Best value is : 4260.925968985803
Apr 16, 2014 10:44:53 PM SolutionFinder printOutput
INFO: Old value is : 5092.6761232609915
Apr 16, 2014 10:44:53 PM SolutionFinder printOutput
INFO: Iteration is : 135
Apr 16, 2014 10:44:53 PM SolutionFinder printOutput
INFO: Best value is : 4260.925968985803
Apr 16, 2014 10:44:53 PM SolutionFinder printOutput
INFO: Old value is : 5266.5678061344415
Apr 16, 2014 10:44:53 PM SolutionFinder printOutput
INFO: Iteration is : 136
Apr 16, 2014 10:44:53 PM SolutionFinder printOutput
INFO: Best value is : 4260.925968985803
Apr 16, 2014 10:44:53 PM SolutionFinder printOutput
INFO: Old value is : 5375.131840103179
Apr 16, 2014 10:44:53 PM SolutionFinder printOutput
INFO: Iteration is : 137
Apr 16, 2014 10:44:53 PM SolutionFinder printOutput
INFO: Best value is : 4260.925968985803
Apr 16, 2014 10:44:53 PM SolutionFinder printOutput
INFO: Old value is : 5276.429797683895
Apr 16, 2014 10:44:53 PM SolutionFinder printOutput
INFO: Iteration is : 138
Apr 16, 2014 10:44:53 PM SolutionFinder printOutput
INFO: Best value is : 4260.925968985803
Apr 16, 2014 10:44:53 PM SolutionFinder printOutput
INFO: Old value is : 5125.024703036174
Apr 16, 2014 10:44:53 PM SolutionFinder printOutput
INFO: Iteration is : 139
Apr 16, 2014 10:44:53 PM SolutionFinder printOutput
INFO: Best value is : 4260.925968985803
Apr 16, 2014 10:44:53 PM SolutionFinder printOutput
INFO: Old value is : 5049.153542356918
Apr 16, 2014 10:44:53 PM SolutionFinder printOutput
INFO: Iteration is : 140
Apr 16, 2014 10:44:53 PM SolutionFinder printOutput
INFO: Best value is : 4260.925968985803
Apr 16, 2014 10:44:53 PM SolutionFinder printOutput
INFO: Old value is : 5054.083678067576
Apr 16, 2014 10:44:53 PM SolutionFinder printOutput
INFO: Iteration is : 141
Apr 16, 2014 10:44:53 PM SolutionFinder printOutput
INFO: Best value is : 4260.925968985803
Apr 16, 2014 10:44:53 PM SolutionFinder printOutput
INFO: Old value is : 4865.333547490603
Apr 16, 2014 10:44:53 PM SolutionFinder printOutput
INFO: Iteration is : 142
Apr 16, 2014 10:44:53 PM SolutionFinder printOutput
INFO: Best value is : 4260.925968985803
Apr 16, 2014 10:44:53 PM SolutionFinder printOutput
INFO: Old value is : 5276.524327870913
Apr 16, 2014 10:44:53 PM SolutionFinder printOutput
INFO: Iteration is : 143
Apr 16, 2014 10:44:53 PM SolutionFinder printOutput
INFO: Best value is : 4260.925968985803
Apr 16, 2014 10:44:53 PM SolutionFinder printOutput
INFO: Old value is : 5048.038287666683
Apr 16, 2014 10:44:53 PM SolutionFinder printOutput
INFO: Iteration is : 144
Apr 16, 2014 10:44:53 PM SolutionFinder printOutput
INFO: Best value is : 4260.925968985803
Apr 16, 2014 10:44:53 PM SolutionFinder printOutput
INFO: Old value is : 5288.840172637301
Apr 16, 2014 10:44:53 PM SolutionFinder printOutput
INFO: Iteration is : 145
Apr 16, 2014 10:44:53 PM SolutionFinder printOutput
INFO: Best value is : 4260.925968985803
Apr 16, 2014 10:44:53 PM SolutionFinder printOutput
INFO: Old value is : 5172.747821585164
Apr 16, 2014 10:44:53 PM SolutionFinder printOutput
INFO: Iteration is : 146
Apr 16, 2014 10:44:53 PM SolutionFinder printOutput
INFO: Best value is : 4260.925968985803
Apr 16, 2014 10:44:53 PM SolutionFinder printOutput
INFO: Old value is : 5076.084625811692
Apr 16, 2014 10:44:53 PM SolutionFinder printOutput
INFO: Iteration is : 147
Apr 16, 2014 10:44:53 PM SolutionFinder printOutput
INFO: Best value is : 4260.925968985803
Apr 16, 2014 10:44:53 PM SolutionFinder printOutput
INFO: Old value is : 5128.274116090303
Apr 16, 2014 10:44:53 PM SolutionFinder printOutput
INFO: Iteration is : 148
Apr 16, 2014 10:44:53 PM SolutionFinder printOutput
INFO: Best value is : 4260.925968985803
Apr 16, 2014 10:44:53 PM SolutionFinder printOutput
INFO: Old value is : 5023.061695206467
Apr 16, 2014 10:44:53 PM SolutionFinder printOutput
INFO: Iteration is : 149
Apr 16, 2014 10:44:53 PM SolutionFinder printOutput
INFO: Best value is : 4260.925968985803
Apr 16, 2014 10:44:53 PM SolutionFinder printOutput
INFO: Old value is : 5277.1087309959485
Apr 16, 2014 10:44:53 PM SolutionFinder printOutput
INFO: Iteration is : 150
Apr 16, 2014 10:44:53 PM SolutionFinder printOutput
INFO: Best value is : 4260.925968985803
Apr 16, 2014 10:44:53 PM SolutionFinder printOutput
INFO: Old value is : 5220.898517844695
Apr 16, 2014 10:44:53 PM SolutionFinder printOutput
INFO: Iteration is : 151
Apr 16, 2014 10:44:53 PM SolutionFinder printOutput
INFO: Best value is : 4260.925968985803
Apr 16, 2014 10:44:53 PM SolutionFinder printOutput
INFO: Old value is : 5105.493483835648
Apr 16, 2014 10:44:53 PM SolutionFinder printOutput
INFO: Iteration is : 152
Apr 16, 2014 10:44:53 PM SolutionFinder printOutput
INFO: Best value is : 4260.925968985803
Apr 16, 2014 10:44:53 PM SolutionFinder printOutput
INFO: Old value is : 5309.454486158982
Apr 16, 2014 10:44:53 PM SolutionFinder printOutput
INFO: Iteration is : 153
Apr 16, 2014 10:44:53 PM SolutionFinder printOutput
INFO: Best value is : 4260.925968985803
Apr 16, 2014 10:44:53 PM SolutionFinder printOutput
INFO: Old value is : 4844.415330494661
Apr 16, 2014 10:44:53 PM SolutionFinder printOutput
INFO: Iteration is : 154
Apr 16, 2014 10:44:53 PM SolutionFinder printOutput
INFO: Best value is : 4260.925968985803
Apr 16, 2014 10:44:53 PM SolutionFinder printOutput
INFO: Old value is : 5125.306369273883
Apr 16, 2014 10:44:53 PM SolutionFinder printOutput
INFO: Iteration is : 155
Apr 16, 2014 10:44:53 PM SolutionFinder printOutput
INFO: Best value is : 4260.925968985803
Apr 16, 2014 10:44:53 PM SolutionFinder printOutput
INFO: Old value is : 4999.478064558493
Apr 16, 2014 10:44:53 PM SolutionFinder printOutput
INFO: Iteration is : 156
Apr 16, 2014 10:44:53 PM SolutionFinder printOutput
INFO: Best value is : 4260.925968985803
Apr 16, 2014 10:44:53 PM SolutionFinder printOutput
INFO: Old value is : 5218.968353920037
Apr 16, 2014 10:44:53 PM SolutionFinder printOutput
INFO: Iteration is : 157
Apr 16, 2014 10:44:53 PM SolutionFinder printOutput
INFO: Best value is : 4260.925968985803
Apr 16, 2014 10:44:53 PM SolutionFinder printOutput
INFO: Old value is : 5113.230538637508
Apr 16, 2014 10:44:53 PM SolutionFinder printOutput
INFO: Iteration is : 158
Apr 16, 2014 10:44:53 PM SolutionFinder printOutput
INFO: Best value is : 4260.925968985803
Apr 16, 2014 10:44:53 PM SolutionFinder printOutput
INFO: Old value is : 5139.1547453983485
Apr 16, 2014 10:44:53 PM SolutionFinder printOutput
INFO: Iteration is : 159
Apr 16, 2014 10:44:53 PM SolutionFinder printOutput
INFO: Best value is : 4260.925968985803
Apr 16, 2014 10:44:53 PM SolutionFinder printOutput
INFO: Old value is : 5163.217810804251
Apr 16, 2014 10:44:53 PM SolutionFinder printOutput
INFO: Iteration is : 160
Apr 16, 2014 10:44:53 PM SolutionFinder printOutput
INFO: Best value is : 4260.925968985803
Apr 16, 2014 10:44:53 PM SolutionFinder printOutput
INFO: Old value is : 5153.916190196374
Apr 16, 2014 10:44:53 PM SolutionFinder printOutput
INFO: Iteration is : 161
Apr 16, 2014 10:44:53 PM SolutionFinder printOutput
INFO: Best value is : 4260.925968985803
Apr 16, 2014 10:44:53 PM SolutionFinder printOutput
INFO: Old value is : 4879.4047811095825
Apr 16, 2014 10:44:53 PM SolutionFinder printOutput
INFO: Iteration is : 162
Apr 16, 2014 10:44:53 PM SolutionFinder printOutput
INFO: Best value is : 4260.925968985803
Apr 16, 2014 10:44:53 PM SolutionFinder printOutput
INFO: Old value is : 5160.103484047509
Apr 16, 2014 10:44:53 PM SolutionFinder printOutput
INFO: Iteration is : 163
Apr 16, 2014 10:44:53 PM SolutionFinder printOutput
INFO: Best value is : 4260.925968985803
Apr 16, 2014 10:44:53 PM SolutionFinder printOutput
INFO: Old value is : 5172.384868287666
Apr 16, 2014 10:44:53 PM SolutionFinder printOutput
INFO: Iteration is : 164
Apr 16, 2014 10:44:53 PM SolutionFinder printOutput
INFO: Best value is : 4260.925968985803
Apr 16, 2014 10:44:53 PM SolutionFinder printOutput
INFO: Old value is : 5184.921727450563
Apr 16, 2014 10:44:53 PM SolutionFinder printOutput
INFO: Iteration is : 165
Apr 16, 2014 10:44:53 PM SolutionFinder printOutput
INFO: Best value is : 4260.925968985803
Apr 16, 2014 10:44:53 PM SolutionFinder printOutput
INFO: Old value is : 5176.951155814939
Apr 16, 2014 10:44:53 PM SolutionFinder printOutput
INFO: Iteration is : 166
Apr 16, 2014 10:44:53 PM SolutionFinder printOutput
INFO: Best value is : 4260.925968985803
Apr 16, 2014 10:44:53 PM SolutionFinder printOutput
INFO: Old value is : 5198.608741254778
Apr 16, 2014 10:44:53 PM SolutionFinder printOutput
INFO: Iteration is : 167
Apr 16, 2014 10:44:53 PM SolutionFinder printOutput
INFO: Best value is : 4260.925968985803
Apr 16, 2014 10:44:53 PM SolutionFinder printOutput
INFO: Old value is : 4985.864890979244
Apr 16, 2014 10:44:53 PM SolutionFinder printOutput
INFO: Iteration is : 168
Apr 16, 2014 10:44:53 PM SolutionFinder printOutput
INFO: Best value is : 4260.925968985803
Apr 16, 2014 10:44:53 PM SolutionFinder printOutput
INFO: Old value is : 5018.511273711092
Apr 16, 2014 10:44:53 PM SolutionFinder printOutput
INFO: Iteration is : 169
Apr 16, 2014 10:44:53 PM SolutionFinder printOutput
INFO: Best value is : 4260.925968985803
Apr 16, 2014 10:44:53 PM SolutionFinder printOutput
INFO: Old value is : 4902.2211348736155
Apr 16, 2014 10:44:53 PM SolutionFinder printOutput
INFO: Iteration is : 170
Apr 16, 2014 10:44:53 PM SolutionFinder printOutput
INFO: Best value is : 4260.925968985803
Apr 16, 2014 10:44:53 PM SolutionFinder printOutput
INFO: Old value is : 5126.949674314397
Apr 16, 2014 10:44:53 PM SolutionFinder printOutput
INFO: Iteration is : 171
Apr 16, 2014 10:44:53 PM SolutionFinder printOutput
INFO: Best value is : 4260.925968985803
Apr 16, 2014 10:44:53 PM SolutionFinder printOutput
INFO: Old value is : 4933.870363981955
Apr 16, 2014 10:44:53 PM SolutionFinder printOutput
INFO: Iteration is : 172
Apr 16, 2014 10:44:53 PM SolutionFinder printOutput
INFO: Best value is : 4260.925968985803
Apr 16, 2014 10:44:53 PM SolutionFinder printOutput
INFO: Old value is : 4870.802792209431
Apr 16, 2014 10:44:53 PM SolutionFinder printOutput
INFO: Iteration is : 173
Apr 16, 2014 10:44:53 PM SolutionFinder printOutput
INFO: Best value is : 4260.925968985803
Apr 16, 2014 10:44:53 PM SolutionFinder printOutput
INFO: Old value is : 4947.06528797651
Apr 16, 2014 10:44:53 PM SolutionFinder printOutput
INFO: Iteration is : 174
Apr 16, 2014 10:44:53 PM SolutionFinder printOutput
INFO: Best value is : 4260.925968985803
Apr 16, 2014 10:44:53 PM SolutionFinder printOutput
INFO: Old value is : 4935.766631879068
Apr 16, 2014 10:44:53 PM SolutionFinder printOutput
INFO: Iteration is : 175
Apr 16, 2014 10:44:53 PM SolutionFinder printOutput
INFO: Best value is : 4260.925968985803
Apr 16, 2014 10:44:53 PM SolutionFinder printOutput
INFO: Old value is : 5060.746189682151
Apr 16, 2014 10:44:53 PM SolutionFinder printOutput
INFO: Iteration is : 176
Apr 16, 2014 10:44:53 PM SolutionFinder printOutput
INFO: Best value is : 4260.925968985803
Apr 16, 2014 10:44:53 PM SolutionFinder printOutput
INFO: Old value is : 5128.260018100751
Apr 16, 2014 10:44:53 PM SolutionFinder printOutput
INFO: Iteration is : 177
Apr 16, 2014 10:44:53 PM SolutionFinder printOutput
INFO: Best value is : 4260.925968985803
Apr 16, 2014 10:44:53 PM SolutionFinder printOutput
INFO: Old value is : 4994.136729249501
Apr 16, 2014 10:44:53 PM SolutionFinder printOutput
INFO: Iteration is : 178
Apr 16, 2014 10:44:53 PM SolutionFinder printOutput
INFO: Best value is : 4260.925968985803
Apr 16, 2014 10:44:53 PM SolutionFinder printOutput
INFO: Old value is : 4980.732544911814
Apr 16, 2014 10:44:53 PM SolutionFinder printOutput
INFO: Iteration is : 179
Apr 16, 2014 10:44:53 PM SolutionFinder printOutput
INFO: Best value is : 4260.925968985803
Apr 16, 2014 10:44:53 PM SolutionFinder printOutput
INFO: Old value is : 5173.602712604669
Apr 16, 2014 10:44:53 PM SolutionFinder printOutput
INFO: Iteration is : 180
Apr 16, 2014 10:44:53 PM SolutionFinder printOutput
INFO: Best value is : 4260.925968985803
Apr 16, 2014 10:44:53 PM SolutionFinder printOutput
INFO: Old value is : 4986.315667083466
Apr 16, 2014 10:44:53 PM SolutionFinder printOutput
INFO: Iteration is : 181
Apr 16, 2014 10:44:53 PM SolutionFinder printOutput
INFO: Best value is : 4260.925968985803
Apr 16, 2014 10:44:53 PM SolutionFinder printOutput
INFO: Old value is : 4972.21868401315
Apr 16, 2014 10:44:53 PM SolutionFinder printOutput
INFO: Iteration is : 182
Apr 16, 2014 10:44:53 PM SolutionFinder printOutput
INFO: Best value is : 4260.925968985803
Apr 16, 2014 10:44:53 PM SolutionFinder printOutput
INFO: Old value is : 5100.474161948123
Apr 16, 2014 10:44:53 PM SolutionFinder printOutput
INFO: Iteration is : 183
Apr 16, 2014 10:44:53 PM SolutionFinder printOutput
INFO: Best value is : 4260.925968985803
Apr 16, 2014 10:44:53 PM SolutionFinder printOutput
INFO: Old value is : 5043.353750894035
Apr 16, 2014 10:44:53 PM SolutionFinder printOutput
INFO: Iteration is : 184
Apr 16, 2014 10:44:53 PM SolutionFinder printOutput
INFO: Best value is : 4260.925968985803
Apr 16, 2014 10:44:53 PM SolutionFinder printOutput
INFO: Old value is : 5231.043429643048
Apr 16, 2014 10:44:53 PM SolutionFinder printOutput
INFO: Iteration is : 185
Apr 16, 2014 10:44:53 PM SolutionFinder printOutput
INFO: Best value is : 4260.925968985803
Apr 16, 2014 10:44:53 PM SolutionFinder printOutput
INFO: Old value is : 5066.040140691095
Apr 16, 2014 10:44:53 PM SolutionFinder printOutput
INFO: Iteration is : 186
Apr 16, 2014 10:44:53 PM SolutionFinder printOutput
INFO: Best value is : 4260.925968985803
Apr 16, 2014 10:44:53 PM SolutionFinder printOutput
INFO: Old value is : 5033.473930951705
Apr 16, 2014 10:44:53 PM SolutionFinder printOutput
INFO: Iteration is : 187
Apr 16, 2014 10:44:53 PM SolutionFinder printOutput
INFO: Best value is : 4260.925968985803
Apr 16, 2014 10:44:53 PM SolutionFinder printOutput
INFO: Old value is : 4939.690678662418
Apr 16, 2014 10:44:53 PM SolutionFinder printOutput
INFO: Iteration is : 188
Apr 16, 2014 10:44:53 PM SolutionFinder printOutput
INFO: Best value is : 4260.925968985803
Apr 16, 2014 10:44:53 PM SolutionFinder printOutput
INFO: Old value is : 5097.242040424761
Apr 16, 2014 10:44:53 PM SolutionFinder printOutput
INFO: Iteration is : 189
Apr 16, 2014 10:44:53 PM SolutionFinder printOutput
INFO: Best value is : 4260.925968985803
Apr 16, 2014 10:44:53 PM SolutionFinder printOutput
INFO: Old value is : 5205.797656661767
Apr 16, 2014 10:44:53 PM SolutionFinder printOutput
INFO: Iteration is : 190
Apr 16, 2014 10:44:53 PM SolutionFinder printOutput
INFO: Best value is : 4260.925968985803
Apr 16, 2014 10:44:53 PM SolutionFinder printOutput
INFO: Old value is : 5075.643418388187
Apr 16, 2014 10:44:53 PM SolutionFinder printOutput
INFO: Iteration is : 191
Apr 16, 2014 10:44:53 PM SolutionFinder printOutput
INFO: Best value is : 4260.925968985803
Apr 16, 2014 10:44:53 PM SolutionFinder printOutput
INFO: Old value is : 4810.273792047267
Apr 16, 2014 10:44:53 PM SolutionFinder printOutput
INFO: Iteration is : 192
Apr 16, 2014 10:44:53 PM SolutionFinder printOutput
INFO: Best value is : 4260.925968985803
Apr 16, 2014 10:44:53 PM SolutionFinder printOutput
INFO: Old value is : 5036.409215639733
Apr 16, 2014 10:44:53 PM SolutionFinder printOutput
INFO: Iteration is : 193
Apr 16, 2014 10:44:53 PM SolutionFinder printOutput
INFO: Best value is : 4260.925968985803
Apr 16, 2014 10:44:53 PM SolutionFinder printOutput
INFO: Old value is : 5046.269697291722
Apr 16, 2014 10:44:53 PM SolutionFinder printOutput
INFO: Iteration is : 194
Apr 16, 2014 10:44:53 PM SolutionFinder printOutput
INFO: Best value is : 4260.925968985803
Apr 16, 2014 10:44:53 PM SolutionFinder printOutput
INFO: Old value is : 4981.455387335334
Apr 16, 2014 10:44:53 PM SolutionFinder printOutput
INFO: Iteration is : 195
Apr 16, 2014 10:44:53 PM SolutionFinder printOutput
INFO: Best value is : 4260.925968985803
Apr 16, 2014 10:44:53 PM SolutionFinder printOutput
INFO: Old value is : 5165.205177918071
Apr 16, 2014 10:44:53 PM SolutionFinder printOutput
INFO: Iteration is : 196
Apr 16, 2014 10:44:53 PM SolutionFinder printOutput
INFO: Best value is : 4260.925968985803
Apr 16, 2014 10:44:53 PM SolutionFinder printOutput
INFO: Old value is : 4982.736585480414
Apr 16, 2014 10:44:53 PM SolutionFinder printOutput
INFO: Iteration is : 197
Apr 16, 2014 10:44:53 PM SolutionFinder printOutput
INFO: Best value is : 4260.925968985803
Apr 16, 2014 10:44:53 PM SolutionFinder printOutput
INFO: Old value is : 4900.10346106037
Apr 16, 2014 10:44:53 PM SolutionFinder printOutput
INFO: Iteration is : 198
Apr 16, 2014 10:44:53 PM SolutionFinder printOutput
INFO: Best value is : 4260.925968985803
Apr 16, 2014 10:44:53 PM SolutionFinder printOutput
INFO: Old value is : 5075.340052594915
Apr 16, 2014 10:44:53 PM SolutionFinder printOutput
INFO: Iteration is : 199
Apr 16, 2014 10:44:53 PM SolutionFinder printOutput
INFO: Best value is : 4260.925968985803
Apr 16, 2014 10:44:53 PM SolutionFinder printOutput
INFO: Old value is : 4963.038981072047
Apr 16, 2014 10:44:53 PM SolutionFinder printOutput
INFO: Iteration is : 200
Apr 16, 2014 10:44:53 PM SolutionFinder printOutput
INFO: Best value is : 4260.925968985803
Apr 16, 2014 10:44:53 PM SolutionFinder printOutput
INFO: Old value is : 5060.526674996903
Apr 16, 2014 10:44:53 PM SolutionFinder printOutput
INFO: Iteration is : 201
Apr 16, 2014 10:44:53 PM SolutionFinder printOutput
INFO: Best value is : 4260.925968985803
Apr 16, 2014 10:44:53 PM SolutionFinder printOutput
INFO: Old value is : 4911.7514676971605
Apr 16, 2014 10:44:53 PM SolutionFinder printOutput
INFO: Iteration is : 202
Apr 16, 2014 10:44:53 PM SolutionFinder printOutput
INFO: Best value is : 4260.925968985803
Apr 16, 2014 10:44:53 PM SolutionFinder printOutput
INFO: Old value is : 5012.613376485149
Apr 16, 2014 10:44:53 PM SolutionFinder printOutput
INFO: Iteration is : 203
Apr 16, 2014 10:44:53 PM SolutionFinder printOutput
INFO: Best value is : 4260.925968985803
Apr 16, 2014 10:44:53 PM SolutionFinder printOutput
INFO: Old value is : 5011.2207826124095
Apr 16, 2014 10:44:53 PM SolutionFinder printOutput
INFO: Iteration is : 204
Apr 16, 2014 10:44:53 PM SolutionFinder printOutput
INFO: Best value is : 4260.925968985803
Apr 16, 2014 10:44:53 PM SolutionFinder printOutput
INFO: Old value is : 5120.8090770177205
Apr 16, 2014 10:44:53 PM SolutionFinder printOutput
INFO: Iteration is : 205
Apr 16, 2014 10:44:53 PM SolutionFinder printOutput
INFO: Best value is : 4260.925968985803
Apr 16, 2014 10:44:53 PM SolutionFinder printOutput
INFO: Old value is : 5215.826415871596
Apr 16, 2014 10:44:53 PM SolutionFinder printOutput
INFO: Iteration is : 206
Apr 16, 2014 10:44:53 PM SolutionFinder printOutput
INFO: Best value is : 4260.925968985803
Apr 16, 2014 10:44:53 PM SolutionFinder printOutput
INFO: Old value is : 5028.584068760055
Apr 16, 2014 10:44:53 PM SolutionFinder printOutput
INFO: Iteration is : 207
Apr 16, 2014 10:44:53 PM SolutionFinder printOutput
INFO: Best value is : 4260.925968985803
Apr 16, 2014 10:44:53 PM SolutionFinder printOutput
INFO: Old value is : 4995.796924839148
Apr 16, 2014 10:44:53 PM SolutionFinder printOutput
INFO: Iteration is : 208
Apr 16, 2014 10:44:53 PM SolutionFinder printOutput
INFO: Best value is : 4260.925968985803
Apr 16, 2014 10:44:53 PM SolutionFinder printOutput
INFO: Old value is : 5142.611206328101
Apr 16, 2014 10:44:53 PM SolutionFinder printOutput
INFO: Iteration is : 209
Apr 16, 2014 10:44:53 PM SolutionFinder printOutput
INFO: Best value is : 4260.925968985803
Apr 16, 2014 10:44:53 PM SolutionFinder printOutput
INFO: Old value is : 5164.398028936931
Apr 16, 2014 10:44:53 PM SolutionFinder printOutput
INFO: Iteration is : 210
Apr 16, 2014 10:44:53 PM SolutionFinder printOutput
INFO: Best value is : 4260.925968985803
Apr 16, 2014 10:44:53 PM SolutionFinder printOutput
INFO: Old value is : 4997.80103792595
Apr 16, 2014 10:44:53 PM SolutionFinder printOutput
INFO: Iteration is : 211
Apr 16, 2014 10:44:53 PM SolutionFinder printOutput
INFO: Best value is : 4260.925968985803
Apr 16, 2014 10:44:53 PM SolutionFinder printOutput
INFO: Old value is : 5251.84313353792
Apr 16, 2014 10:44:53 PM SolutionFinder printOutput
INFO: Iteration is : 212
Apr 16, 2014 10:44:53 PM SolutionFinder printOutput
INFO: Best value is : 4260.925968985803
Apr 16, 2014 10:44:53 PM SolutionFinder printOutput
INFO: Old value is : 4869.479018328918
Apr 16, 2014 10:44:53 PM SolutionFinder printOutput
INFO: Iteration is : 213
Apr 16, 2014 10:44:53 PM SolutionFinder printOutput
INFO: Best value is : 4260.925968985803
Apr 16, 2014 10:44:53 PM SolutionFinder printOutput
INFO: Old value is : 5200.4075413931505
Apr 16, 2014 10:44:53 PM SolutionFinder printOutput
INFO: Iteration is : 214
Apr 16, 2014 10:44:53 PM SolutionFinder printOutput
INFO: Best value is : 4260.925968985803
Apr 16, 2014 10:44:53 PM SolutionFinder printOutput
INFO: Old value is : 4997.336557867936
Apr 16, 2014 10:44:53 PM SolutionFinder printOutput
INFO: Iteration is : 215
Apr 16, 2014 10:44:53 PM SolutionFinder printOutput
INFO: Best value is : 4260.925968985803
Apr 16, 2014 10:44:53 PM SolutionFinder printOutput
INFO: Old value is : 5097.921599050013
Apr 16, 2014 10:44:53 PM SolutionFinder printOutput
INFO: Iteration is : 216
Apr 16, 2014 10:44:53 PM SolutionFinder printOutput
INFO: Best value is : 4260.925968985803
Apr 16, 2014 10:44:53 PM SolutionFinder printOutput
INFO: Old value is : 5009.010450309657
Apr 16, 2014 10:44:53 PM SolutionFinder printOutput
INFO: Iteration is : 217
Apr 16, 2014 10:44:53 PM SolutionFinder printOutput
INFO: Best value is : 4260.925968985803
Apr 16, 2014 10:44:53 PM SolutionFinder printOutput
INFO: Old value is : 5043.909348899184
Apr 16, 2014 10:44:53 PM SolutionFinder printOutput
INFO: Iteration is : 218
Apr 16, 2014 10:44:53 PM SolutionFinder printOutput
INFO: Best value is : 4260.925968985803
Apr 16, 2014 10:44:53 PM SolutionFinder printOutput
INFO: Old value is : 5003.405633146201
